<?xml version="1.0" encoding="UTF-8" ?>
<testsuite failures="0" time="20.307" errors="0" skipped="0" tests="6" name="org.apache.mahout.clustering.TestClusterDumper">
  <properties>
[...]
</properties>
  <testcase time="0.117" classname="org.apache.mahout.clustering.TestClusterDumper" name="testCanopy"/>
  <testcase time="18.586" classname="org.apache.mahout.clustering.TestClusterDumper" name="testKmeans"/>
  <testcase time="0.422" classname="org.apache.mahout.clustering.TestClusterDumper" name="testFuzzyKmeans"/>
  <testcase time="0.191" classname="org.apache.mahout.clustering.TestClusterDumper" name="testMeanShift"/>
  <testcase time="0.618" classname="org.apache.mahout.clustering.TestClusterDumper" name="testDirichlet2"/>
  <testcase time="0.37" classname="org.apache.mahout.clustering.TestClusterDumper" name="testDirichlet3"/>
</testsuite>